Using pre-set license
Built from '2020.3/staging' branch; Version is '2020.3.9f1 (108be757e447) revision 1084391'; Using compiler version '192528614'; Build Type 'Release'
OS: 'Windows 10 Home Single Language; OS build 19042.1052; Version 2009; 64bit' Language: 'ru' Physical Memory: 8065 MB
BatchMode: 1, IsHumanControllingUs: 0, StartBugReporterOnCrash: 0, Is64bit: 1, IsPro: 0

 COMMAND LINE ARGUMENTS:
C:\Program Files\Unity\Hub\Editor\2020.3.9f1\Editor\Unity.exe
-adb2
-batchMode
-noUpm
-name
AssetImportWorker3
-projectPath
C:/Users/burts/OneDrive/Документы/GitHub/unityTeamGame/Brave Dive
-logFile
Logs/AssetImportWorker3.log
-srvPort
59621
Successfully changed project path to: C:/Users/burts/OneDrive/Документы/GitHub/unityTeamGame/Brave Dive
C:/Users/burts/OneDrive/Документы/GitHub/unityTeamGame/Brave Dive
Using Asset Import Pipeline V2.
Refreshing native plugins compatible for Editor in 87.46 ms, found 1 plugins.
Preloading 0 native plugins for Editor in 0.00 ms.
Initialize engine version: 2020.3.9f1 (108be757e447)
[Subsystems] Discovering subsystems at path C:/Program Files/Unity/Hub/Editor/2020.3.9f1/Editor/Data/Resources/UnitySubsystems
[Subsystems] Discovering subsystems at path C:/Users/burts/OneDrive/Документы/GitHub/unityTeamGame/Brave Dive/Assets
GfxDevice: creating device client; threaded=0
Direct3D:
    Version:  Direct3D 11.0 [level 11.0]
    Renderer: NVIDIA GeForce MX130 (ID=0x174d)
    Vendor:   
    VRAM:     2010 MB
    Driver:   27.21.14.6140
Initialize mono
Mono path[0] = 'C:/Program Files/Unity/Hub/Editor/2020.3.9f1/Editor/Data/Managed'
Mono path[1] = 'C:/Program Files/Unity/Hub/Editor/2020.3.9f1/Editor/Data/MonoBleedingEdge/lib/mono/unityjit'
Mono config path = 'C:/Program Files/Unity/Hub/Editor/2020.3.9f1/Editor/Data/MonoBleedingEdge/etc'
Using monoOptions --debugger-agent=transport=dt_socket,embedding=1,server=y,suspend=n,address=127.0.0.1:56952
Begin MonoManager ReloadAssembly
Registering precompiled unity dll's ...
Register platform support module: C:/Program Files/Unity/Hub/Editor/2020.3.9f1/Editor/Data/PlaybackEngines/WebGLSupport/UnityEditor.WebGL.Extensions.dll
Register platform support module: C:/Program Files/Unity/Hub/Editor/2020.3.9f1/Editor/Data/PlaybackEngines/WindowsStandaloneSupport/UnityEditor.WindowsStandalone.Extensions.dll
Registered in 0.005499 seconds.
Native extension for WindowsStandalone target not found
Native extension for WebGL target not found
Refreshing native plugins compatible for Editor in 72.56 ms, found 1 plugins.
Preloading 0 native plugins for Editor in 0.00 ms.
Mono: successfully reloaded assembly
- Completed reload, in  2.600 seconds
Platform modules already initialized, skipping
Registering precompiled user dll's ...
Registered in 0.002029 seconds.
Begin MonoManager ReloadAssembly
Native extension for WindowsStandalone target not found
Native extension for WebGL target not found
Refreshing native plugins compatible for Editor in 62.35 ms, found 1 plugins.
Preloading 0 native plugins for Editor in 0.00 ms.
Mono: successfully reloaded assembly
- Completed reload, in  3.088 seconds
Platform modules already initialized, skipping
========================================================================
Worker process is ready to serve import requests
Launched and connected shader compiler UnityShaderCompiler.exe after 0.54 seconds
Refreshing native plugins compatible for Editor in 1.08 ms, found 1 plugins.
Preloading 0 native plugins for Editor in 0.00 ms.
Unloading 1809 Unused Serialized files (Serialized files now loaded: 0)
System memory in use before: 85.5 MB.
System memory in use after: 85.5 MB.

Unloading 24 unused Assets to reduce memory usage. Loaded Objects now: 2251.
Total: 7.053900 ms (FindLiveObjects: 0.414000 ms CreateObjectMapping: 0.168600 ms MarkObjects: 6.267900 ms  DeleteObjects: 0.200600 ms)

========================================================================
Received Import Request.
  path: Assets/Sprites/homeTwo-0 (23).png
  artifactKey: Guid(af2a36e0cbd52b94d9a30609d4480e0c) Importer(815301076,1909f56bfc062723c751e8b465ee728b)
Start importing Assets/Sprites/homeTwo-0 (23).png using Guid(af2a36e0cbd52b94d9a30609d4480e0c) Importer(815301076,1909f56bfc062723c751e8b465ee728b)  -> (artifact id: 'ef68cb0f2174a83e3ab0769c5a2bbbf4') in 0.875346 seconds
  Import took 0.891480 seconds .

========================================================================
Received Import Request.
  Time since last request: 48.918470 seconds.
  path: Assets/Sprites/homeTwo-0 (24).png
  artifactKey: Guid(b7f2e059d4ddb2e439ccd461c3b75264) Importer(815301076,1909f56bfc062723c751e8b465ee728b)
Start importing Assets/Sprites/homeTwo-0 (24).png using Guid(b7f2e059d4ddb2e439ccd461c3b75264) Importer(815301076,1909f56bfc062723c751e8b465ee728b)  -> (artifact id: '9c7a66bdeaa509bb66d8e3042a7fbe8d') in 0.087419 seconds
  Import took 0.096896 seconds .

========================================================================
Received Import Request.
  Time since last request: 10.602875 seconds.
  path: Assets/Sprites/homeTwo-0 (24).png
  artifactKey: Guid(b7f2e059d4ddb2e439ccd461c3b75264) Importer(815301076,1909f56bfc062723c751e8b465ee728b)
Start importing Assets/Sprites/homeTwo-0 (24).png using Guid(b7f2e059d4ddb2e439ccd461c3b75264) Importer(815301076,1909f56bfc062723c751e8b465ee728b)  -> (artifact id: 'e8b03d47d2c38fa4ea92c1de36e877a8') in 0.023136 seconds
  Import took 0.040049 seconds .

========================================================================
Received Import Request.
  Time since last request: 124.780097 seconds.
  path: Assets/Sprites/homeTwo-0 (25).png
  artifactKey: Guid(917e605fa63af784a92f05d36a7434a1) Importer(815301076,1909f56bfc062723c751e8b465ee728b)
Start importing Assets/Sprites/homeTwo-0 (25).png using Guid(917e605fa63af784a92f05d36a7434a1) Importer(815301076,1909f56bfc062723c751e8b465ee728b)  -> (artifact id: '980c055c18a6a3c1e4679977c2009651') in 0.050628 seconds
  Import took 0.067034 seconds .

========================================================================
Received Import Request.
  Time since last request: 16.123394 seconds.
  path: Assets/Sprites/homeTwo-0 (25).png
  artifactKey: Guid(917e605fa63af784a92f05d36a7434a1) Importer(815301076,1909f56bfc062723c751e8b465ee728b)
Start importing Assets/Sprites/homeTwo-0 (25).png using Guid(917e605fa63af784a92f05d36a7434a1) Importer(815301076,1909f56bfc062723c751e8b465ee728b)  -> (artifact id: 'f33eef4d055491328e6838faa4ff965e') in 0.026520 seconds
  Import took 0.039054 seconds .

========================================================================
Received Prepare
Registering precompiled user dll's ...
Registered in 0.001955 seconds.
Begin MonoManager ReloadAssembly
Native extension for WindowsStandalone target not found
Native extension for WebGL target not found
Refreshing native plugins compatible for Editor in 0.49 ms, found 1 plugins.
Preloading 0 native plugins for Editor in 0.00 ms.
Mono: successfully reloaded assembly
- Completed reload, in  2.429 seconds
Platform modules already initialized, skipping
Refreshing native plugins compatible for Editor in 1.98 ms, found 1 plugins.
Preloading 0 native plugins for Editor in 0.00 ms.
Unloading 1804 Unused Serialized files (Serialized files now loaded: 0)
System memory in use before: 88.6 MB.
System memory in use after: 88.6 MB.

Unloading 12 unused Assets to reduce memory usage. Loaded Objects now: 2265.
Total: 8.206000 ms (FindLiveObjects: 0.373400 ms CreateObjectMapping: 0.211900 ms MarkObjects: 7.213900 ms  DeleteObjects: 0.404600 ms)

========================================================================
Received Import Request.
  Time since last request: 259.718822 seconds.
  path: Assets/Sprites/homeTwo-0 (26).png
  artifactKey: Guid(100a67e91c297504580f6cc8effefd7f) Importer(815301076,1909f56bfc062723c751e8b465ee728b)
Start importing Assets/Sprites/homeTwo-0 (26).png using Guid(100a67e91c297504580f6cc8effefd7f) Importer(815301076,1909f56bfc062723c751e8b465ee728b)  -> (artifact id: 'b80003418a97e72de0f84fbcff74d94d') in 0.225095 seconds
  Import took 0.241954 seconds .

========================================================================
Received Import Request.
  Time since last request: 12.574380 seconds.
  path: Assets/Sprites/homeTwo-0 (26).png
  artifactKey: Guid(100a67e91c297504580f6cc8effefd7f) Importer(815301076,1909f56bfc062723c751e8b465ee728b)
Start importing Assets/Sprites/homeTwo-0 (26).png using Guid(100a67e91c297504580f6cc8effefd7f) Importer(815301076,1909f56bfc062723c751e8b465ee728b)  -> (artifact id: '7fb475c8a1be5f5d0d7257246fd044e3') in 0.049122 seconds
  Import took 0.065029 seconds .

========================================================================
Received Import Request.
  Time since last request: 198.357327 seconds.
  path: Assets/Sprites/homeTwo-0 (27).png
  artifactKey: Guid(394ea3cdcb26e9d4e9749b37294bb1d7) Importer(815301076,1909f56bfc062723c751e8b465ee728b)
Start importing Assets/Sprites/homeTwo-0 (27).png using Guid(394ea3cdcb26e9d4e9749b37294bb1d7) Importer(815301076,1909f56bfc062723c751e8b465ee728b)  -> (artifact id: '3ab43ad6151d6cc52dd115d51cdd7a3c') in 0.086799 seconds
  Import took 0.145733 seconds .

========================================================================
Received Import Request.
  Time since last request: 13.562231 seconds.
  path: Assets/Sprites/homeTwo-0 (27).png
  artifactKey: Guid(394ea3cdcb26e9d4e9749b37294bb1d7) Importer(815301076,1909f56bfc062723c751e8b465ee728b)
Start importing Assets/Sprites/homeTwo-0 (27).png using Guid(394ea3cdcb26e9d4e9749b37294bb1d7) Importer(815301076,1909f56bfc062723c751e8b465ee728b)  -> (artifact id: '9f6c1be5e0488ee44b6bff95563e9bb7') in 0.025828 seconds
  Import took 0.038797 seconds .

========================================================================
Received Import Request.
  Time since last request: 186.804982 seconds.
  path: Assets/Sprites/homeTwo-0 (28).png
  artifactKey: Guid(3508e2fc7a28b584eb2e1da97fe21494) Importer(815301076,1909f56bfc062723c751e8b465ee728b)
Start importing Assets/Sprites/homeTwo-0 (28).png using Guid(3508e2fc7a28b584eb2e1da97fe21494) Importer(815301076,1909f56bfc062723c751e8b465ee728b)  -> (artifact id: '83a5a74682741778cee94e92c6dc9561') in 0.076495 seconds
  Import took 0.100260 seconds .

========================================================================
Received Import Request.
  Time since last request: 9.418452 seconds.
  path: Assets/Sprites/homeTwo-0 (28).png
  artifactKey: Guid(3508e2fc7a28b584eb2e1da97fe21494) Importer(815301076,1909f56bfc062723c751e8b465ee728b)
Start importing Assets/Sprites/homeTwo-0 (28).png using Guid(3508e2fc7a28b584eb2e1da97fe21494) Importer(815301076,1909f56bfc062723c751e8b465ee728b)  -> (artifact id: '5d4fd9880eb712a9067aac10fee389ab') in 0.041666 seconds
  Import took 0.048979 seconds .

========================================================================
Received Import Request.
  Time since last request: 165.319937 seconds.
  path: Assets/Sprites/homeTwo-0 (29).png
  artifactKey: Guid(bf9409f2ef182eb4e82938072e20ba35) Importer(815301076,1909f56bfc062723c751e8b465ee728b)
Start importing Assets/Sprites/homeTwo-0 (29).png using Guid(bf9409f2ef182eb4e82938072e20ba35) Importer(815301076,1909f56bfc062723c751e8b465ee728b)  -> (artifact id: '7ac01bcb02d3bdf8abeb9c8ee4f01a9f') in 0.068591 seconds
  Import took 0.117308 seconds .

========================================================================
Received Import Request.
  Time since last request: 8.083285 seconds.
  path: Assets/Sprites/homeTwo-0 (29).png
  artifactKey: Guid(bf9409f2ef182eb4e82938072e20ba35) Importer(815301076,1909f56bfc062723c751e8b465ee728b)
Start importing Assets/Sprites/homeTwo-0 (29).png using Guid(bf9409f2ef182eb4e82938072e20ba35) Importer(815301076,1909f56bfc062723c751e8b465ee728b)  -> (artifact id: 'bce05a1c36a10314abe047565f3a8ff2') in 0.072302 seconds
  Import took 0.079998 seconds .

========================================================================
Received Import Request.
  Time since last request: 272.590375 seconds.
  path: Assets/Sprites/homeTwo-0 (30).png
  artifactKey: Guid(08fc618c3244f084bbe9cde386e8d3b9) Importer(815301076,1909f56bfc062723c751e8b465ee728b)
Start importing Assets/Sprites/homeTwo-0 (30).png using Guid(08fc618c3244f084bbe9cde386e8d3b9) Importer(815301076,1909f56bfc062723c751e8b465ee728b)  -> (artifact id: '92b0727f1d7142c7d87c05b4aded8550') in 0.036997 seconds
  Import took 0.063470 seconds .

========================================================================
Received Import Request.
  Time since last request: 11.463201 seconds.
  path: Assets/Sprites/homeTwo-0 (30).png
  artifactKey: Guid(08fc618c3244f084bbe9cde386e8d3b9) Importer(815301076,1909f56bfc062723c751e8b465ee728b)
Start importing Assets/Sprites/homeTwo-0 (30).png using Guid(08fc618c3244f084bbe9cde386e8d3b9) Importer(815301076,1909f56bfc062723c751e8b465ee728b)  -> (artifact id: 'ed4155ce06623171623bd62a4ec59a3b') in 0.156306 seconds
  Import took 0.175823 seconds .

========================================================================
Received Import Request.
  Time since last request: 182.731355 seconds.
  path: Assets/Sprites/homeTwo-0 (31).png
  artifactKey: Guid(9f8265eb2a6b06f42b50d8eaba895819) Importer(815301076,1909f56bfc062723c751e8b465ee728b)
Start importing Assets/Sprites/homeTwo-0 (31).png using Guid(9f8265eb2a6b06f42b50d8eaba895819) Importer(815301076,1909f56bfc062723c751e8b465ee728b)  -> (artifact id: '0e546501530bb05c1893ca770ce5b405') in 0.217121 seconds
  Import took 0.262142 seconds .

========================================================================
Received Import Request.
  Time since last request: 15.676574 seconds.
  path: Assets/Sprites/homeTwo-0 (31).png
  artifactKey: Guid(9f8265eb2a6b06f42b50d8eaba895819) Importer(815301076,1909f56bfc062723c751e8b465ee728b)
Start importing Assets/Sprites/homeTwo-0 (31).png using Guid(9f8265eb2a6b06f42b50d8eaba895819) Importer(815301076,1909f56bfc062723c751e8b465ee728b)  -> (artifact id: '892aa1638df706b8a7756f9c495917fb') in 0.026887 seconds
  Import took 0.038310 seconds .

========================================================================
Received Import Request.
  Time since last request: 0.025860 seconds.
  path: Assets/Sprites/homeTwo-0 (31).png
  artifactKey: Guid(9f8265eb2a6b06f42b50d8eaba895819) Importer(815301076,1909f56bfc062723c751e8b465ee728b)
Start importing Assets/Sprites/homeTwo-0 (31).png using Guid(9f8265eb2a6b06f42b50d8eaba895819) Importer(815301076,1909f56bfc062723c751e8b465ee728b)  -> (artifact id: '892aa1638df706b8a7756f9c495917fb') in 0.030636 seconds
  Import took 0.038245 seconds .

========================================================================
Received Import Request.
  Time since last request: 207.482622 seconds.
  path: Assets/Sprites/homeTwo-0 (32).png
  artifactKey: Guid(838e7b8bff7466b4c9b8a8b22cd7ba46) Importer(815301076,1909f56bfc062723c751e8b465ee728b)
Start importing Assets/Sprites/homeTwo-0 (32).png using Guid(838e7b8bff7466b4c9b8a8b22cd7ba46) Importer(815301076,1909f56bfc062723c751e8b465ee728b)  -> (artifact id: '181e11792c9d2ccecb6d6f10e9f3f0a0') in 0.072201 seconds
  Import took 0.081234 seconds .

========================================================================
Received Import Request.
  Time since last request: 12.495835 seconds.
  path: Assets/Sprites/homeTwo-0 (32).png
  artifactKey: Guid(838e7b8bff7466b4c9b8a8b22cd7ba46) Importer(815301076,1909f56bfc062723c751e8b465ee728b)
Start importing Assets/Sprites/homeTwo-0 (32).png using Guid(838e7b8bff7466b4c9b8a8b22cd7ba46) Importer(815301076,1909f56bfc062723c751e8b465ee728b)  -> (artifact id: '07a8ca23e05c4a7d785155662638bc59') in 0.050004 seconds
  Import took 0.109068 seconds .

========================================================================
Received Import Request.
  Time since last request: 169.314180 seconds.
  path: Assets/Sprites/homeTwo-0 (33).png
  artifactKey: Guid(4010b2de45330e74c85cbe56a8278fd5) Importer(815301076,1909f56bfc062723c751e8b465ee728b)
Start importing Assets/Sprites/homeTwo-0 (33).png using Guid(4010b2de45330e74c85cbe56a8278fd5) Importer(815301076,1909f56bfc062723c751e8b465ee728b)  -> (artifact id: 'c98ad8fea0743dc3bf0d72eef1e08585') in 0.139351 seconds
  Import took 0.229167 seconds .

========================================================================
Received Import Request.
  Time since last request: 9.043486 seconds.
  path: Assets/Sprites/homeTwo-0 (33).png
  artifactKey: Guid(4010b2de45330e74c85cbe56a8278fd5) Importer(815301076,1909f56bfc062723c751e8b465ee728b)
Start importing Assets/Sprites/homeTwo-0 (33).png using Guid(4010b2de45330e74c85cbe56a8278fd5) Importer(815301076,1909f56bfc062723c751e8b465ee728b)  -> (artifact id: 'c60d94070c2df1420fe8bacececa0a83') in 0.059937 seconds
  Import took 0.090086 seconds .

========================================================================
Received Import Request.
  Time since last request: 260.818720 seconds.
  path: Assets/Sprites/Асфальт.png
  artifactKey: Guid(cc9e474bfd25ace4aa072b2c0105b0d8) Importer(815301076,1909f56bfc062723c751e8b465ee728b)
Start importing Assets/Sprites/Асфальт.png using Guid(cc9e474bfd25ace4aa072b2c0105b0d8) Importer(815301076,1909f56bfc062723c751e8b465ee728b)  -> (artifact id: '769e463b6d0f3cc12e4bc8e7f29d4fed') in 0.105594 seconds
  Import took 0.180723 seconds .

========================================================================
Received Import Request.
  Time since last request: 9.094137 seconds.
  path: Assets/Sprites/Асфальт.png
  artifactKey: Guid(cc9e474bfd25ace4aa072b2c0105b0d8) Importer(815301076,1909f56bfc062723c751e8b465ee728b)
Start importing Assets/Sprites/Асфальт.png using Guid(cc9e474bfd25ace4aa072b2c0105b0d8) Importer(815301076,1909f56bfc062723c751e8b465ee728b)  -> (artifact id: 'c6cbd7f3feff774b21bf3d5b1cb5ae16') in 0.048172 seconds
  Import took 0.055956 seconds .

========================================================================
Received Prepare
Registering precompiled user dll's ...
Registered in 0.049740 seconds.
Begin MonoManager ReloadAssembly
Native extension for WindowsStandalone target not found
Native extension for WebGL target not found
Refreshing native plugins compatible for Editor in 0.81 ms, found 1 plugins.
Preloading 0 native plugins for Editor in 0.00 ms.
Mono: successfully reloaded assembly
- Completed reload, in  3.588 seconds
Platform modules already initialized, skipping
Refreshing native plugins compatible for Editor in 0.44 ms, found 1 plugins.
Preloading 0 native plugins for Editor in 0.00 ms.
Unloading 1804 Unused Serialized files (Serialized files now loaded: 0)
System memory in use before: 88.7 MB.
System memory in use after: 88.6 MB.

Unloading 12 unused Assets to reduce memory usage. Loaded Objects now: 2288.
Total: 30.086800 ms (FindLiveObjects: 0.246000 ms CreateObjectMapping: 0.110200 ms MarkObjects: 29.291900 ms  DeleteObjects: 0.436400 ms)

AssetImportWorkerClient::OnTransportError - code=2 error=End of file
